0 info it worked if it ends with ok
1 verbose cli [ '/Users/daniel/.nvm/versions/node/v7.1.0/bin/node',
1 verbose cli   '/Users/daniel/.nvm/versions/node/v7.1.0/bin/npm',
1 verbose cli   'publish' ]
2 info using npm@3.10.9
3 info using node@v7.1.0
4 verbose publish [ '.' ]
5 silly cache add args [ '.', null ]
6 verbose cache add spec .
7 silly cache add parsed spec Result {
7 silly cache add   raw: '.',
7 silly cache add   scope: null,
7 silly cache add   escapedName: null,
7 silly cache add   name: null,
7 silly cache add   rawSpec: '.',
7 silly cache add   spec: '/Users/daniel/Desktop/merely-repos/merely-react-router',
7 silly cache add   type: 'directory' }
8 verbose addLocalDirectory /Users/daniel/.npm/merely-react-router/1.0.0/package.tgz not in flight; packing
9 verbose correctMkdir /Users/daniel/.npm correctMkdir not in flight; initializing
10 info lifecycle merely-react-router@1.0.0~prepublish: merely-react-router@1.0.0
11 silly lifecycle merely-react-router@1.0.0~prepublish: no script for prepublish, continuing
12 verbose tar pack [ '/Users/daniel/.npm/merely-react-router/1.0.0/package.tgz',
12 verbose tar pack   '/Users/daniel/Desktop/merely-repos/merely-react-router' ]
13 verbose tarball /Users/daniel/.npm/merely-react-router/1.0.0/package.tgz
14 verbose folder /Users/daniel/Desktop/merely-repos/merely-react-router
15 verbose addLocalTarball adding from inside cache /Users/daniel/.npm/merely-react-router/1.0.0/package.tgz
16 verbose correctMkdir /Users/daniel/.npm correctMkdir not in flight; initializing
17 silly cache afterAdd merely-react-router@1.0.0
18 verbose afterAdd /Users/daniel/.npm/merely-react-router/1.0.0/package/package.json not in flight; writing
19 verbose correctMkdir /Users/daniel/.npm correctMkdir not in flight; initializing
20 verbose afterAdd /Users/daniel/.npm/merely-react-router/1.0.0/package/package.json written
21 silly publish { name: 'merely-react-router',
21 silly publish   version: '1.0.0',
21 silly publish   description: '',
21 silly publish   main: 'client.js',
21 silly publish   scripts:
21 silly publish    { test: 'echo "Error: no test specified" && exit 1',
21 silly publish      start: 'node server.js' },
21 silly publish   author: '',
21 silly publish   license: 'ISC',
21 silly publish   peerDependencies: { react: '*', 'react-dom': '*', 'react-router': '^4.0.0' },
21 silly publish   gitHead: 'e578fea5125653d89d1cb2057491d0c62b48a2c8',
21 silly publish   readme: 'ERROR: No README data found!',
21 silly publish   _id: 'merely-react-router@1.0.0',
21 silly publish   _shasum: '4be1266320f994eb1e97a59ecda05beb7ff4f52a',
21 silly publish   _from: '.' }
22 verbose getPublishConfig undefined
23 silly mapToRegistry name merely-react-router
24 silly mapToRegistry using default registry
25 silly mapToRegistry registry https://registry.npmjs.org/
26 silly mapToRegistry data Result {
26 silly mapToRegistry   raw: 'merely-react-router',
26 silly mapToRegistry   scope: null,
26 silly mapToRegistry   escapedName: 'merely-react-router',
26 silly mapToRegistry   name: 'merely-react-router',
26 silly mapToRegistry   rawSpec: '',
26 silly mapToRegistry   spec: 'latest',
26 silly mapToRegistry   type: 'tag' }
27 silly mapToRegistry uri https://registry.npmjs.org/merely-react-router
28 verbose publish registryBase https://registry.npmjs.org/
29 silly publish uploading /Users/daniel/.npm/merely-react-router/1.0.0/package.tgz
30 verbose request uri https://registry.npmjs.org/merely-react-router
31 verbose request sending authorization for write operation
32 info attempt registry request try #1 at 12:09:53 PM
33 verbose request using bearer token for auth
34 verbose request id 8a30c715e1c052c6
35 http request PUT https://registry.npmjs.org/merely-react-router
36 http 403 https://registry.npmjs.org/merely-react-router
37 verbose headers { 'content-type': 'application/json',
37 verbose headers   'cache-control': 'max-age=300',
37 verbose headers   'content-length': '95',
37 verbose headers   'accept-ranges': 'bytes',
37 verbose headers   date: 'Fri, 20 Jan 2017 01:09:54 GMT',
37 verbose headers   via: '1.1 varnish',
37 verbose headers   connection: 'keep-alive',
37 verbose headers   'x-served-by': 'cache-syd1626-SYD',
37 verbose headers   'x-cache': 'MISS',
37 verbose headers   'x-cache-hits': '0',
37 verbose headers   'x-timer': 'S1484874593.867194,VS0,VE737',
37 verbose headers   vary: 'Accept-Encoding' }
38 verbose request invalidating /Users/daniel/.npm/registry.npmjs.org/merely-react-router on PUT
39 error publish Failed PUT 403
40 verbose stack Error: "You cannot publish over the previously published version 1.0.0." : merely-react-router
40 verbose stack     at makeError (/Users/daniel/.nvm/versions/node/v7.1.0/lib/node_modules/npm/node_modules/npm-registry-client/lib/request.js:302:12)
40 verbose stack     at CachingRegistryClient.<anonymous> (/Users/daniel/.nvm/versions/node/v7.1.0/lib/node_modules/npm/node_modules/npm-registry-client/lib/request.js:290:14)
40 verbose stack     at Request._callback (/Users/daniel/.nvm/versions/node/v7.1.0/lib/node_modules/npm/node_modules/npm-registry-client/lib/request.js:210:14)
40 verbose stack     at Request.self.callback (/Users/daniel/.nvm/versions/node/v7.1.0/lib/node_modules/npm/node_modules/request/request.js:187:22)
40 verbose stack     at emitTwo (events.js:106:13)
40 verbose stack     at Request.emit (events.js:191:7)
40 verbose stack     at Request.<anonymous> (/Users/daniel/.nvm/versions/node/v7.1.0/lib/node_modules/npm/node_modules/request/request.js:1048:10)
40 verbose stack     at emitOne (events.js:96:13)
40 verbose stack     at Request.emit (events.js:188:7)
40 verbose stack     at IncomingMessage.<anonymous> (/Users/daniel/.nvm/versions/node/v7.1.0/lib/node_modules/npm/node_modules/request/request.js:969:12)
41 verbose statusCode 403
42 verbose pkgid merely-react-router
43 verbose cwd /Users/daniel/Desktop/merely-repos/merely-react-router
44 error Darwin 16.3.0
45 error argv "/Users/daniel/.nvm/versions/node/v7.1.0/bin/node" "/Users/daniel/.nvm/versions/node/v7.1.0/bin/npm" "publish"
46 error node v7.1.0
47 error npm  v3.10.9
48 error code E403
49 error "You cannot publish over the previously published version 1.0.0." : merely-react-router
50 error If you need help, you may report this error at:
50 error     <https://github.com/npm/npm/issues>
51 verbose exit [ 1, true ]
